\BOOKMARK [0][-]{chapter.1}{\376\377\0001\000\040\000N\000a\000m\000e\000s\000p\000a\000c\000e\000\040\000I\000n\000d\000e\000x}{}% 1
\BOOKMARK [1][-]{section.1.1}{\376\377\0001\000.\0001\000\040\000N\000a\000m\000e\000s\000p\000a\000c\000e\000\040\000L\000i\000s\000t}{chapter.1}% 2
\BOOKMARK [0][-]{chapter.2}{\376\377\0002\000\040\000F\000i\000l\000e\000\040\000I\000n\000d\000e\000x}{}% 3
\BOOKMARK [1][-]{section.2.1}{\376\377\0002\000.\0001\000\040\000F\000i\000l\000e\000\040\000L\000i\000s\000t}{chapter.2}% 4
\BOOKMARK [0][-]{chapter.3}{\376\377\0003\000\040\000N\000a\000m\000e\000s\000p\000a\000c\000e\000\040\000D\000o\000c\000u\000m\000e\000n\000t\000a\000t\000i\000o\000n}{}% 5
\BOOKMARK [1][-]{section.3.1}{\376\377\0003\000.\0001\000\040\000p\000a\000r\000t\000i\000e\0001\000\137\000q\0001\000\040\000N\000a\000m\000e\000s\000p\000a\000c\000e\000\040\000R\000e\000f\000e\000r\000e\000n\000c\000e}{chapter.3}% 6
\BOOKMARK [2][-]{subsection.3.1.1}{\376\377\0003\000.\0001\000.\0001\000\040\000F\000u\000n\000c\000t\000i\000o\000n\000\040\000D\000o\000c\000u\000m\000e\000n\000t\000a\000t\000i\000o\000n}{section.3.1}% 7
\BOOKMARK [3][-]{subsubsection.3.1.1.1}{\376\377\0003\000.\0001\000.\0001\000.\0001\000\040\000c\000a\000l\000c\000\137\000t\000i\000\050\000\051}{subsection.3.1.1}% 8
\BOOKMARK [3][-]{subsubsection.3.1.1.2}{\376\377\0003\000.\0001\000.\0001\000.\0002\000\040\000c\000a\000l\000c\000\137\000t\000j\000i\000\050\000\051}{subsection.3.1.1}% 9
\BOOKMARK [3][-]{subsubsection.3.1.1.3}{\376\377\0003\000.\0001\000.\0001\000.\0003\000\040\000f\000a\000c\000t\000o\000\137\000c\000h\000o\000l\000e\000s\000k\000y\000\137\000d\000e\000n\000s\000e\000\050\000\051}{subsection.3.1.1}% 10
\BOOKMARK [3][-]{subsubsection.3.1.1.4}{\376\377\0003\000.\0001\000.\0001\000.\0004\000\040\000f\000a\000c\000t\000o\000\137\000c\000h\000o\000l\000e\000s\000k\000y\000\137\000d\000e\000n\000s\000e\000\137\000R\000E\000C\000\050\000\051}{subsection.3.1.1}% 11
\BOOKMARK [3][-]{subsubsection.3.1.1.5}{\376\377\0003\000.\0001\000.\0001\000.\0005\000\040\000m\000a\000i\000n\000\137\000t\000e\000s\000t\000\050\000\051}{subsection.3.1.1}% 12
\BOOKMARK [3][-]{subsubsection.3.1.1.6}{\376\377\0003\000.\0001\000.\0001\000.\0006\000\040\000p\000r\000i\000n\000t\000\137\000s\000u\000m\000m\000a\000r\000y\000\050\000\051}{subsection.3.1.1}% 13
\BOOKMARK [2][-]{subsection.3.1.2}{\376\377\0003\000.\0001\000.\0002\000\040\000V\000a\000r\000i\000a\000b\000l\000e\000\040\000D\000o\000c\000u\000m\000e\000n\000t\000a\000t\000i\000o\000n}{section.3.1}% 14
\BOOKMARK [3][-]{subsubsection.3.1.2.1}{\376\377\0003\000.\0001\000.\0002\000.\0001\000\040\000A}{subsection.3.1.2}% 15
\BOOKMARK [3][-]{subsubsection.3.1.2.2}{\376\377\0003\000.\0001\000.\0002\000.\0002\000\040\000f\000u\000n\000c\000t\000i\000o\000n\000\137\000n\000a\000m\000e}{subsection.3.1.2}% 16
\BOOKMARK [3][-]{subsubsection.3.1.2.3}{\376\377\0003\000.\0001\000.\0002\000.\0003\000\040\000h\000o\000p\000e}{subsection.3.1.2}% 17
\BOOKMARK [3][-]{subsubsection.3.1.2.4}{\376\377\0003\000.\0001\000.\0002\000.\0004\000\040\000i}{subsection.3.1.2}% 18
\BOOKMARK [3][-]{subsubsection.3.1.2.5}{\376\377\0003\000.\0001\000.\0002\000.\0005\000\040\000j}{subsection.3.1.2}% 19
\BOOKMARK [3][-]{subsubsection.3.1.2.6}{\376\377\0003\000.\0001\000.\0002\000.\0006\000\040\000n\000u\000m\000b\000e\000r\000\137\000o\000f\000\137\000t\000e\000s\000t}{subsection.3.1.2}% 20
\BOOKMARK [3][-]{subsubsection.3.1.2.7}{\376\377\0003\000.\0001\000.\0002\000.\0007\000\040\000r\000e\000s}{subsection.3.1.2}% 21
\BOOKMARK [3][-]{subsubsection.3.1.2.8}{\376\377\0003\000.\0001\000.\0002\000.\0008\000\040\000T}{subsection.3.1.2}% 22
\BOOKMARK [3][-]{subsubsection.3.1.2.9}{\376\377\0003\000.\0001\000.\0002\000.\0009\000\040\000t\000e\000s\000t\000\137\000r\000e\000s\000u\000l\000t}{subsection.3.1.2}% 23
\BOOKMARK [1][-]{section.3.2}{\376\377\0003\000.\0002\000\040\000p\000a\000r\000t\000i\000e\0001\000\137\000q\0003\000\040\000N\000a\000m\000e\000s\000p\000a\000c\000e\000\040\000R\000e\000f\000e\000r\000e\000n\000c\000e}{chapter.3}% 24
\BOOKMARK [2][-]{subsection.3.2.1}{\376\377\0003\000.\0002\000.\0001\000\040\000F\000u\000n\000c\000t\000i\000o\000n\000\040\000D\000o\000c\000u\000m\000e\000n\000t\000a\000t\000i\000o\000n}{section.3.2}% 25
\BOOKMARK [3][-]{subsubsection.3.2.1.1}{\376\377\0003\000.\0002\000.\0001\000.\0001\000\040\000c\000a\000l\000c\000\137\000r\000a\000n\000d\000\137\000n\000o\000n\000\137\000z\000e\000r\000o\000\050\000\051}{subsection.3.2.1}% 26
\BOOKMARK [3][-]{subsubsection.3.2.1.2}{\376\377\0003\000.\0002\000.\0001\000.\0002\000\040\000g\000e\000n\000e\000r\000a\000t\000e\000\137\000S\000P\000D\000S\000M\000\050\000\051}{subsection.3.2.1}% 27
\BOOKMARK [3][-]{subsubsection.3.2.1.3}{\376\377\0003\000.\0002\000.\0001\000.\0003\000\040\000p\000r\000i\000n\000t\000\137\000s\000u\000m\000m\000a\000r\000y\000\050\000\051}{subsection.3.2.1}% 28
\BOOKMARK [2][-]{subsection.3.2.2}{\376\377\0003\000.\0002\000.\0002\000\040\000V\000a\000r\000i\000a\000b\000l\000e\000\040\000D\000o\000c\000u\000m\000e\000n\000t\000a\000t\000i\000o\000n}{section.3.2}% 29
\BOOKMARK [3][-]{subsubsection.3.2.2.1}{\376\377\0003\000.\0002\000.\0002\000.\0001\000\040\000A}{subsection.3.2.2}% 30
\BOOKMARK [3][-]{subsubsection.3.2.2.2}{\376\377\0003\000.\0002\000.\0002\000.\0002\000\040\000c\000h\000e\000c\000k}{subsection.3.2.2}% 31
\BOOKMARK [3][-]{subsubsection.3.2.2.3}{\376\377\0003\000.\0002\000.\0002\000.\0003\000\040\000f}{subsection.3.2.2}% 32
\BOOKMARK [3][-]{subsubsection.3.2.2.4}{\376\377\0003\000.\0002\000.\0002\000.\0004\000\040\000f\000u\000n\000c\000t\000i\000o\000n\000\137\000n\000a\000m\000e}{subsection.3.2.2}% 33
\BOOKMARK [3][-]{subsubsection.3.2.2.5}{\376\377\0003\000.\0002\000.\0002\000.\0005\000\040\000i}{subsection.3.2.2}% 34
\BOOKMARK [3][-]{subsubsection.3.2.2.6}{\376\377\0003\000.\0002\000.\0002\000.\0006\000\040\000n}{subsection.3.2.2}% 35
\BOOKMARK [3][-]{subsubsection.3.2.2.7}{\376\377\0003\000.\0002\000.\0002\000.\0007\000\040\000n\000b\000\137\000t\000e\000s\000t}{subsection.3.2.2}% 36
\BOOKMARK [3][-]{subsubsection.3.2.2.8}{\376\377\0003\000.\0002\000.\0002\000.\0008\000\040\000n\000u\000m\000b\000e\000r\000\137\000o\000f\000\137\000t\000e\000s\000t}{subsection.3.2.2}% 37
\BOOKMARK [3][-]{subsubsection.3.2.2.9}{\376\377\0003\000.\0002\000.\0002\000.\0009\000\040\000t\000e\000s\000t\000\137\000r\000e\000s\000u\000l\000t}{subsection.3.2.2}% 38
\BOOKMARK [3][-]{subsubsection.3.2.2.10}{\376\377\0003\000.\0002\000.\0002\000.\0001\0000\000\040\000x}{subsection.3.2.2}% 39
\BOOKMARK [1][-]{section.3.3}{\376\377\0003\000.\0003\000\040\000p\000a\000r\000t\000i\000e\0001\000\137\000q\0004\000\040\000N\000a\000m\000e\000s\000p\000a\000c\000e\000\040\000R\000e\000f\000e\000r\000e\000n\000c\000e}{chapter.3}% 40
\BOOKMARK [2][-]{subsection.3.3.1}{\376\377\0003\000.\0003\000.\0001\000\040\000F\000u\000n\000c\000t\000i\000o\000n\000\040\000D\000o\000c\000u\000m\000e\000n\000t\000a\000t\000i\000o\000n}{section.3.3}% 41
\BOOKMARK [3][-]{subsubsection.3.3.1.1}{\376\377\0003\000.\0003\000.\0001\000.\0001\000\040\000c\000o\000m\000p\000a\000r\000e\000\137\000f\000u\000n\000c\000t\000i\000o\000n\000\050\000\051}{subsection.3.3.1}% 42
\BOOKMARK [3][-]{subsubsection.3.3.1.2}{\376\377\0003\000.\0003\000.\0001\000.\0002\000\040\000f\000a\000c\000t\000o\000\137\000c\000h\000o\000l\000e\000s\000k\000y\000\137\000i\000n\000c\000o\000m\000p\000l\000e\000t\000e\000\050\000\051}{subsection.3.3.1}% 43
\BOOKMARK [3][-]{subsubsection.3.3.1.3}{\376\377\0003\000.\0003\000.\0001\000.\0003\000\040\000f\000a\000c\000t\000o\000\137\000c\000h\000o\000l\000e\000s\000k\000y\000\137\000i\000n\000c\000o\000m\000p\000l\000e\000t\000e\000\137\000R\000E\000C\000\050\000\051}{subsection.3.3.1}% 44
\BOOKMARK [3][-]{subsubsection.3.3.1.4}{\376\377\0003\000.\0003\000.\0001\000.\0004\000\040\000m\000a\000i\000n\000\137\000t\000e\000s\000t\000\050\000\051}{subsection.3.3.1}% 45
\BOOKMARK [3][-]{subsubsection.3.3.1.5}{\376\377\0003\000.\0003\000.\0001\000.\0005\000\040\000p\000r\000i\000n\000t\000\137\000s\000u\000m\000m\000a\000r\000y\000\050\000\051}{subsection.3.3.1}% 46
\BOOKMARK [2][-]{subsection.3.3.2}{\376\377\0003\000.\0003\000.\0002\000\040\000V\000a\000r\000i\000a\000b\000l\000e\000\040\000D\000o\000c\000u\000m\000e\000n\000t\000a\000t\000i\000o\000n}{section.3.3}% 47
\BOOKMARK [3][-]{subsubsection.3.3.2.1}{\376\377\0003\000.\0003\000.\0002\000.\0001\000\040\000A}{subsection.3.3.2}% 48
\BOOKMARK [3][-]{subsubsection.3.3.2.2}{\376\377\0003\000.\0003\000.\0002\000.\0002\000\040\000f\000u\000n\000c\000t\000i\000o\000n\000\137\000n\000a\000m\000e}{subsection.3.3.2}% 49
\BOOKMARK [3][-]{subsubsection.3.3.2.3}{\376\377\0003\000.\0003\000.\0002\000.\0003\000\040\000h\000o\000p\000e}{subsection.3.3.2}% 50
\BOOKMARK [3][-]{subsubsection.3.3.2.4}{\376\377\0003\000.\0003\000.\0002\000.\0004\000\040\000i}{subsection.3.3.2}% 51
\BOOKMARK [3][-]{subsubsection.3.3.2.5}{\376\377\0003\000.\0003\000.\0002\000.\0005\000\040\000n\000b\000\137\000t\000i\000m\000e\000r}{subsection.3.3.2}% 52
\BOOKMARK [3][-]{subsubsection.3.3.2.6}{\376\377\0003\000.\0003\000.\0002\000.\0006\000\040\000n\000u\000m\000b\000e\000r\000\137\000o\000f\000\137\000t\000e\000s\000t}{subsection.3.3.2}% 53
\BOOKMARK [3][-]{subsubsection.3.3.2.7}{\376\377\0003\000.\0003\000.\0002\000.\0007\000\040\000r\000e\000s}{subsection.3.3.2}% 54
\BOOKMARK [3][-]{subsubsection.3.3.2.8}{\376\377\0003\000.\0003\000.\0002\000.\0008\000\040\000T}{subsection.3.3.2}% 55
\BOOKMARK [3][-]{subsubsection.3.3.2.9}{\376\377\0003\000.\0003\000.\0002\000.\0009\000\040\000t\000e\000s\000t\000\137\000r\000e\000s\000u\000l\000t}{subsection.3.3.2}% 56
\BOOKMARK [3][-]{subsubsection.3.3.2.10}{\376\377\0003\000.\0003\000.\0002\000.\0001\0000\000\040\000t\000i\000m\000e\000r}{subsection.3.3.2}% 57
\BOOKMARK [3][-]{subsubsection.3.3.2.11}{\376\377\0003\000.\0003\000.\0002\000.\0001\0001\000\040\000t\000i\000m\000e\000r\000\137\000d\000e}{subsection.3.3.2}% 58
\BOOKMARK [3][-]{subsubsection.3.3.2.12}{\376\377\0003\000.\0003\000.\0002\000.\0001\0002\000\040\000t\000i\000m\000e\000r\000\137\000i\000n}{subsection.3.3.2}% 59
\BOOKMARK [1][-]{section.3.4}{\376\377\0003\000.\0004\000\040\000p\000a\000r\000t\000i\000e\0001\000\137\000q\0005\000\040\000N\000a\000m\000e\000s\000p\000a\000c\000e\000\040\000R\000e\000f\000e\000r\000e\000n\000c\000e}{chapter.3}% 60
\BOOKMARK [2][-]{subsection.3.4.1}{\376\377\0003\000.\0004\000.\0001\000\040\000F\000u\000n\000c\000t\000i\000o\000n\000\040\000D\000o\000c\000u\000m\000e\000n\000t\000a\000t\000i\000o\000n}{section.3.4}% 61
\BOOKMARK [3][-]{subsubsection.3.4.1.1}{\376\377\0003\000.\0004\000.\0001\000.\0001\000\040\000c\000a\000l\000c\000\137\000i\000n\000v\000e\000r\000s\000e\000\137\000m\000a\000t\000r\000i\000c\000e\000\137\000T\000\050\000\051}{subsection.3.4.1}% 62
\BOOKMARK [3][-]{subsubsection.3.4.1.2}{\376\377\0003\000.\0004\000.\0001\000.\0002\000\040\000e\000s\000t\000\137\000b\000o\000n\000\137\000p\000r\000e\000c\000o\000n\000d\000i\000t\000i\000o\000n\000n\000e\000u\000r\000\050\000\051}{subsection.3.4.1}% 63
\BOOKMARK [3][-]{subsubsection.3.4.1.3}{\376\377\0003\000.\0004\000.\0001\000.\0003\000\040\000t\000e\000s\000t\000\137\000e\000s\000t\000\137\000b\000o\000n\000\137\000p\000r\000e\000c\000o\000n\000d\000i\000t\000i\000o\000n\000n\000e\000u\000r\000\050\000\051}{subsection.3.4.1}% 64
\BOOKMARK [1][-]{section.3.5}{\376\377\0003\000.\0005\000\040\000p\000a\000r\000t\000i\000e\0002\000\040\000N\000a\000m\000e\000s\000p\000a\000c\000e\000\040\000R\000e\000f\000e\000r\000e\000n\000c\000e}{chapter.3}% 65
\BOOKMARK [2][-]{subsection.3.5.1}{\376\377\0003\000.\0005\000.\0001\000\040\000F\000u\000n\000c\000t\000i\000o\000n\000\040\000D\000o\000c\000u\000m\000e\000n\000t\000a\000t\000i\000o\000n}{section.3.5}% 66
\BOOKMARK [3][-]{subsubsection.3.5.1.1}{\376\377\0003\000.\0005\000.\0001\000.\0001\000\040\000c\000o\000n\000j\000u\000g\000a\000t\000e\000\137\000g\000r\000a\000d\000i\000e\000n\000t\000\050\000\051}{subsection.3.5.1}% 67
\BOOKMARK [3][-]{subsubsection.3.5.1.2}{\376\377\0003\000.\0005\000.\0001\000.\0002\000\040\000c\000o\000n\000j\000u\000g\000a\000t\000e\000\137\000g\000r\000a\000d\000i\000e\000n\000t\000\137\000p\000r\000e\000c\000o\000n\000d\000i\000t\000i\000o\000n\000e\000d\000\050\000\051}{subsection.3.5.1}% 68
\BOOKMARK [3][-]{subsubsection.3.5.1.3}{\376\377\0003\000.\0005\000.\0001\000.\0003\000\040\000p\000r\000o\000d\000\050\000\051}{subsection.3.5.1}% 69
\BOOKMARK [3][-]{subsubsection.3.5.1.4}{\376\377\0003\000.\0005\000.\0001\000.\0004\000\040\000s\000o\000l\000v\000e\000\050\000\051}{subsection.3.5.1}% 70
\BOOKMARK [3][-]{subsubsection.3.5.1.5}{\376\377\0003\000.\0005\000.\0001\000.\0005\000\040\000t\000e\000s\000t\000\050\000\051}{subsection.3.5.1}% 71
\BOOKMARK [3][-]{subsubsection.3.5.1.6}{\376\377\0003\000.\0005\000.\0001\000.\0006\000\040\000t\000r\000a\000n\000s\000\050\000\051}{subsection.3.5.1}% 72
\BOOKMARK [3][-]{subsubsection.3.5.1.7}{\376\377\0003\000.\0005\000.\0001\000.\0007\000\040\000t\000r\000i\000a\000n\000g\000u\000l\000a\000r\000\137\000s\000o\000l\000v\000e\000\137\000d\000o\000w\000n\000\050\000\051}{subsection.3.5.1}% 73
\BOOKMARK [3][-]{subsubsection.3.5.1.8}{\376\377\0003\000.\0005\000.\0001\000.\0008\000\040\000t\000r\000i\000a\000n\000g\000u\000l\000a\000r\000\137\000s\000o\000l\000v\000e\000\137\000u\000p\000\050\000\051}{subsection.3.5.1}% 74
\BOOKMARK [2][-]{subsection.3.5.2}{\376\377\0003\000.\0005\000.\0002\000\040\000V\000a\000r\000i\000a\000b\000l\000e\000\040\000D\000o\000c\000u\000m\000e\000n\000t\000a\000t\000i\000o\000n}{section.3.5}% 75
\BOOKMARK [3][-]{subsubsection.3.5.2.1}{\376\377\0003\000.\0005\000.\0002\000.\0001\000\040\000A}{subsection.3.5.2}% 76
\BOOKMARK [3][-]{subsubsection.3.5.2.2}{\376\377\0003\000.\0005\000.\0002\000.\0002\000\040\000b}{subsection.3.5.2}% 77
\BOOKMARK [3][-]{subsubsection.3.5.2.3}{\376\377\0003\000.\0005\000.\0002\000.\0003\000\040\000f\000i\000g}{subsection.3.5.2}% 78
\BOOKMARK [3][-]{subsubsection.3.5.2.4}{\376\377\0003\000.\0005\000.\0002\000.\0004\000\040\000f\000l\000a\000g}{subsection.3.5.2}% 79
\BOOKMARK [3][-]{subsubsection.3.5.2.5}{\376\377\0003\000.\0005\000.\0002\000.\0005\000\040\000l\000a\000b\000e\000l}{subsection.3.5.2}% 80
\BOOKMARK [3][-]{subsubsection.3.5.2.6}{\376\377\0003\000.\0005\000.\0002\000.\0006\000\040\000l\000i\000n\000e\000s\000t\000y\000l\000e}{subsection.3.5.2}% 81
\BOOKMARK [3][-]{subsubsection.3.5.2.7}{\376\377\0003\000.\0005\000.\0002\000.\0007\000\040\000n}{subsection.3.5.2}% 82
\BOOKMARK [3][-]{subsubsection.3.5.2.8}{\376\377\0003\000.\0005\000.\0002\000.\0008\000\040\000r\000e\000s}{subsection.3.5.2}% 83
\BOOKMARK [3][-]{subsubsection.3.5.2.9}{\376\377\0003\000.\0005\000.\0002\000.\0009\000\040\000s\000o\000l}{subsection.3.5.2}% 84
\BOOKMARK [3][-]{subsubsection.3.5.2.10}{\376\377\0003\000.\0005\000.\0002\000.\0001\0000\000\040\000s\000o\000l\0002}{subsection.3.5.2}% 85
\BOOKMARK [3][-]{subsubsection.3.5.2.11}{\376\377\0003\000.\0005\000.\0002\000.\0001\0001\000\040\000T}{subsection.3.5.2}% 86
\BOOKMARK [3][-]{subsubsection.3.5.2.12}{\376\377\0003\000.\0005\000.\0002\000.\0001\0002\000\040\000t\000h\000r\000e\000s\000h\000o\000l\000d}{subsection.3.5.2}% 87
\BOOKMARK [3][-]{subsubsection.3.5.2.13}{\376\377\0003\000.\0005\000.\0002\000.\0001\0003\000\040\000T\000t}{subsection.3.5.2}% 88
\BOOKMARK [3][-]{subsubsection.3.5.2.14}{\376\377\0003\000.\0005\000.\0002\000.\0001\0004\000\040\000x}{subsection.3.5.2}% 89
\BOOKMARK [3][-]{subsubsection.3.5.2.15}{\376\377\0003\000.\0005\000.\0002\000.\0001\0005\000\040\000y\0001}{subsection.3.5.2}% 90
\BOOKMARK [3][-]{subsubsection.3.5.2.16}{\376\377\0003\000.\0005\000.\0002\000.\0001\0006\000\040\000y\0002}{subsection.3.5.2}% 91
\BOOKMARK [1][-]{section.3.6}{\376\377\0003\000.\0006\000\040\000p\000a\000r\000t\000i\000e\0003\000\137\000q\0001\000\040\000N\000a\000m\000e\000s\000p\000a\000c\000e\000\040\000R\000e\000f\000e\000r\000e\000n\000c\000e}{chapter.3}% 92
\BOOKMARK [2][-]{subsection.3.6.1}{\376\377\0003\000.\0006\000.\0001\000\040\000F\000u\000n\000c\000t\000i\000o\000n\000\040\000D\000o\000c\000u\000m\000e\000n\000t\000a\000t\000i\000o\000n}{section.3.6}% 93
\BOOKMARK [3][-]{subsubsection.3.6.1.1}{\376\377\0003\000.\0006\000.\0001\000.\0001\000\040\000g\000e\000n\000e\000r\000e\000\137\000m\000a\000t\000r\000i\000c\000e\000\137\000N\000\050\000\051}{subsection.3.6.1}% 94
\BOOKMARK [3][-]{subsubsection.3.6.1.2}{\376\377\0003\000.\0006\000.\0001\000.\0002\000\040\000p\000r\000i\000n\000t\000\137\000s\000u\000m\000m\000a\000r\000y\000\050\000\051}{subsection.3.6.1}% 95
\BOOKMARK [2][-]{subsection.3.6.2}{\376\377\0003\000.\0006\000.\0002\000\040\000V\000a\000r\000i\000a\000b\000l\000e\000\040\000D\000o\000c\000u\000m\000e\000n\000t\000a\000t\000i\000o\000n}{section.3.6}% 96
\BOOKMARK [3][-]{subsubsection.3.6.2.1}{\376\377\0003\000.\0006\000.\0002\000.\0001\000\040\000A}{subsection.3.6.2}% 97
\BOOKMARK [3][-]{subsubsection.3.6.2.2}{\376\377\0003\000.\0006\000.\0002\000.\0002\000\040\000b}{subsection.3.6.2}% 98
\BOOKMARK [3][-]{subsubsection.3.6.2.3}{\376\377\0003\000.\0006\000.\0002\000.\0003\000\040\000e\000r\000r\000o\000r\000\137\000t\000h\000r\000e\000s\000h\000o\000l\000d}{subsection.3.6.2}% 99
\BOOKMARK [3][-]{subsubsection.3.6.2.4}{\376\377\0003\000.\0006\000.\0002\000.\0004\000\040\000f}{subsection.3.6.2}% 100
\BOOKMARK [3][-]{subsubsection.3.6.2.5}{\376\377\0003\000.\0006\000.\0002\000.\0005\000\040\000f\000u\000n\000c\000t\000i\000o\000n\000\137\000n\000a\000m\000e}{subsection.3.6.2}% 101
\BOOKMARK [3][-]{subsubsection.3.6.2.6}{\376\377\0003\000.\0006\000.\0002\000.\0006\000\040\000h\000o\000p\000e}{subsection.3.6.2}% 102
\BOOKMARK [3][-]{subsubsection.3.6.2.7}{\376\377\0003\000.\0006\000.\0002\000.\0007\000\040\000N}{subsection.3.6.2}% 103
\BOOKMARK [3][-]{subsubsection.3.6.2.8}{\376\377\0003\000.\0006\000.\0002\000.\0008\000\040\000n\000u\000m\000b\000e\000r\000\137\000o\000f\000\137\000t\000e\000s\000t}{subsection.3.6.2}% 104
\BOOKMARK [3][-]{subsubsection.3.6.2.9}{\376\377\0003\000.\0006\000.\0002\000.\0009\000\040\000t\000e\000s\000t\000\137\000r\000e\000s\000u\000l\000t}{subsection.3.6.2}% 105
\BOOKMARK [1][-]{section.3.7}{\376\377\0003\000.\0007\000\040\000p\000a\000r\000t\000i\000e\0003\000\137\000q\0002\000\137\000e\000t\000\137\000q\0003\000\040\000N\000a\000m\000e\000s\000p\000a\000c\000e\000\040\000R\000e\000f\000e\000r\000e\000n\000c\000e}{chapter.3}% 106
\BOOKMARK [2][-]{subsection.3.7.1}{\376\377\0003\000.\0007\000.\0001\000\040\000F\000u\000n\000c\000t\000i\000o\000n\000\040\000D\000o\000c\000u\000m\000e\000n\000t\000a\000t\000i\000o\000n}{section.3.7}% 107
\BOOKMARK [3][-]{subsubsection.3.7.1.1}{\376\377\0003\000.\0007\000.\0001\000.\0001\000\040\000a\000f\000f\000i\000c\000h\000e\000\137\000i\000m\000a\000g\000e\000\050\000\051}{subsection.3.7.1}% 108
\BOOKMARK [3][-]{subsubsection.3.7.1.2}{\376\377\0003\000.\0007\000.\0001\000.\0002\000\040\000m\000a\000i\000n\000\137\000t\000e\000s\000t\000\050\000\051}{subsection.3.7.1}% 109
\BOOKMARK [3][-]{subsubsection.3.7.1.3}{\376\377\0003\000.\0007\000.\0001\000.\0003\000\040\000p\000r\000i\000n\000t\000\137\000s\000u\000m\000m\000a\000r\000y\000\050\000\051}{subsection.3.7.1}% 110
\BOOKMARK [3][-]{subsubsection.3.7.1.4}{\376\377\0003\000.\0007\000.\0001\000.\0004\000\040\000p\000r\000o\000b\000l\000e\000m\000e\000\137\000m\000u\000r\000\137\000c\000h\000a\000u\000d\000\050\000\051}{subsection.3.7.1}% 111
\BOOKMARK [3][-]{subsubsection.3.7.1.5}{\376\377\0003\000.\0007\000.\0001\000.\0005\000\040\000p\000r\000o\000b\000l\000e\000m\000e\000\137\000r\000a\000d\000i\000a\000t\000e\000u\000r\000\137\000c\000e\000n\000t\000r\000e\000\050\000\051}{subsection.3.7.1}% 112
\BOOKMARK [2][-]{subsection.3.7.2}{\376\377\0003\000.\0007\000.\0002\000\040\000V\000a\000r\000i\000a\000b\000l\000e\000\040\000D\000o\000c\000u\000m\000e\000n\000t\000a\000t\000i\000o\000n}{section.3.7}% 113
\BOOKMARK [3][-]{subsubsection.3.7.2.1}{\376\377\0003\000.\0007\000.\0002\000.\0001\000\040\000f}{subsection.3.7.2}% 114
\BOOKMARK [3][-]{subsubsection.3.7.2.2}{\376\377\0003\000.\0007\000.\0002\000.\0002\000\040\000f\000u\000n\000c\000t\000i\000o\000n\000\137\000n\000a\000m\000e}{subsection.3.7.2}% 115
\BOOKMARK [3][-]{subsubsection.3.7.2.3}{\376\377\0003\000.\0007\000.\0002\000.\0003\000\040\000N}{subsection.3.7.2}% 116
\BOOKMARK [3][-]{subsubsection.3.7.2.4}{\376\377\0003\000.\0007\000.\0002\000.\0004\000\040\000n\000u\000m\000b\000e\000r\000\137\000o\000f\000\137\000t\000e\000s\000t}{subsection.3.7.2}% 117
\BOOKMARK [3][-]{subsubsection.3.7.2.5}{\376\377\0003\000.\0007\000.\0002\000.\0005\000\040\000T}{subsection.3.7.2}% 118
\BOOKMARK [3][-]{subsubsection.3.7.2.6}{\376\377\0003\000.\0007\000.\0002\000.\0006\000\040\000T\000e\000m\000p}{subsection.3.7.2}% 119
\BOOKMARK [3][-]{subsubsection.3.7.2.7}{\376\377\0003\000.\0007\000.\0002\000.\0007\000\040\000t\000e\000s\000t\000\137\000r\000e\000s\000u\000l\000t}{subsection.3.7.2}% 120
\BOOKMARK [0][-]{chapter.4}{\376\377\0004\000\040\000F\000i\000l\000e\000\040\000D\000o\000c\000u\000m\000e\000n\000t\000a\000t\000i\000o\000n}{}% 121
\BOOKMARK [1][-]{section.4.1}{\376\377\0004\000.\0001\000\040\000/\000h\000o\000m\000e\000/\000n\000o\000m\000p\000r\000e\000n\000o\000m\000/\000I\000S\0001\0000\0004\000/\000i\000s\0001\0000\0004\000-\000p\0002\000-\0001\0002\0004\0001\0007\000/\000p\000a\000r\000t\000i\000e\000\137\0001\000/\000p\000a\000r\000t\000i\000e\0001\000\137\000q\0001\000.\000p\000y\000\040\000F\000i\000l\000e\000\040\000R\000e\000f\000e\000r\000e\000n\000c\000e}{chapter.4}% 122
\BOOKMARK [1][-]{section.4.2}{\376\377\0004\000.\0002\000\040\000/\000h\000o\000m\000e\000/\000n\000o\000m\000p\000r\000e\000n\000o\000m\000/\000I\000S\0001\0000\0004\000/\000i\000s\0001\0000\0004\000-\000p\0002\000-\0001\0002\0004\0001\0007\000/\000p\000a\000r\000t\000i\000e\000\137\0001\000/\000p\000a\000r\000t\000i\000e\0001\000\137\000q\0003\000.\000p\000y\000\040\000F\000i\000l\000e\000\040\000R\000e\000f\000e\000r\000e\000n\000c\000e}{chapter.4}% 123
\BOOKMARK [1][-]{section.4.3}{\376\377\0004\000.\0003\000\040\000/\000h\000o\000m\000e\000/\000n\000o\000m\000p\000r\000e\000n\000o\000m\000/\000I\000S\0001\0000\0004\000/\000i\000s\0001\0000\0004\000-\000p\0002\000-\0001\0002\0004\0001\0007\000/\000p\000a\000r\000t\000i\000e\000\137\0001\000/\000p\000a\000r\000t\000i\000e\0001\000\137\000q\0004\000.\000p\000y\000\040\000F\000i\000l\000e\000\040\000R\000e\000f\000e\000r\000e\000n\000c\000e}{chapter.4}% 124
\BOOKMARK [1][-]{section.4.4}{\376\377\0004\000.\0004\000\040\000/\000h\000o\000m\000e\000/\000n\000o\000m\000p\000r\000e\000n\000o\000m\000/\000I\000S\0001\0000\0004\000/\000i\000s\0001\0000\0004\000-\000p\0002\000-\0001\0002\0004\0001\0007\000/\000p\000a\000r\000t\000i\000e\000\137\0001\000/\000p\000a\000r\000t\000i\000e\0001\000\137\000q\0005\000.\000p\000y\000\040\000F\000i\000l\000e\000\040\000R\000e\000f\000e\000r\000e\000n\000c\000e}{chapter.4}% 125
\BOOKMARK [1][-]{section.4.5}{\376\377\0004\000.\0005\000\040\000/\000h\000o\000m\000e\000/\000n\000o\000m\000p\000r\000e\000n\000o\000m\000/\000I\000S\0001\0000\0004\000/\000i\000s\0001\0000\0004\000-\000p\0002\000-\0001\0002\0004\0001\0007\000/\000p\000a\000r\000t\000i\000e\000\137\0002\000/\000p\000a\000r\000t\000i\000e\0002\000.\000p\000y\000\040\000F\000i\000l\000e\000\040\000R\000e\000f\000e\000r\000e\000n\000c\000e}{chapter.4}% 126
\BOOKMARK [1][-]{section.4.6}{\376\377\0004\000.\0006\000\040\000/\000h\000o\000m\000e\000/\000n\000o\000m\000p\000r\000e\000n\000o\000m\000/\000I\000S\0001\0000\0004\000/\000i\000s\0001\0000\0004\000-\000p\0002\000-\0001\0002\0004\0001\0007\000/\000p\000a\000r\000t\000i\000e\000\137\0003\000/\000p\000a\000r\000t\000i\000e\0003\000\137\000q\0001\000.\000p\000y\000\040\000F\000i\000l\000e\000\040\000R\000e\000f\000e\000r\000e\000n\000c\000e}{chapter.4}% 127
\BOOKMARK [1][-]{section.4.7}{\376\377\0004\000.\0007\000\040\000/\000h\000o\000m\000e\000/\000n\000o\000m\000p\000r\000e\000n\000o\000m\000/\000I\000S\0001\0000\0004\000/\000i\000s\0001\0000\0004\000-\000p\0002\000-\0001\0002\0004\0001\0007\000/\000p\000a\000r\000t\000i\000e\000\137\0003\000/\000p\000a\000r\000t\000i\000e\0003\000\137\000q\0002\000\137\000e\000t\000\137\000q\0003\000.\000p\000y\000\040\000F\000i\000l\000e\000\040\000R\000e\000f\000e\000r\000e\000n\000c\000e}{chapter.4}% 128
\BOOKMARK [0][-]{section*.34}{\376\377\000I\000n\000d\000e\000x}{}% 129
